[debug] [2025-04-18T07:10:51.207Z] ----------------------------------------------------------------------
[debug] [2025-04-18T07:10:51.209Z] Command:       C:\Program Files\nodejs\node.exe C:\Users\user\AppData\Roaming\npm\node_modules\firebase-tools\lib\bin\firebase.js init
[debug] [2025-04-18T07:10:51.209Z] CLI Version:   14.2.0
[debug] [2025-04-18T07:10:51.209Z] Platform:      win32
[debug] [2025-04-18T07:10:51.209Z] Node Version:  v22.12.0
[debug] [2025-04-18T07:10:51.210Z] Time:          Fri Apr 18 2025 15:10:51 GMT+0800 (Taipei Standard Time)
[debug] [2025-04-18T07:10:51.210Z] ----------------------------------------------------------------------
[debug] 
[debug] [2025-04-18T07:10:51.313Z] > command requires scopes: ["email","openid","https://www.googleapis.com/auth/cloudplatformprojects.readonly","https://www.googleapis.com/auth/firebase","https://www.googleapis.com/auth/cloud-platform"]
[debug] [2025-04-18T07:10:51.313Z] > authorizing via signed-in user (krischou.ck@gmail.com)
[info] 
     ######## #### ########  ######## ########     ###     ######  ########
     ##        ##  ##     ## ##       ##     ##  ##   ##  ##       ##
     ######    ##  ########  ######   ########  #########  ######  ######
     ##        ##  ##    ##  ##       ##     ## ##     ##       ## ##
     ##       #### ##     ## ######## ########  ##     ##  ######  ########

You're about to initialize a Firebase project in this directory:

  C:\Users\user\OneDrive\Desktop\Code\chatroom-app

Before we get started, keep in mind:

  * You are initializing within an existing Firebase project directory

